[    0.0000] Linuversn .15-3-generic (buildd@lgw01-amd64-054) (gcc version 7.3.0 (Ubuntu 7.3.0-16ubuntu3)) #42-Ubuntu SMP Tue Oct 23 15:48:01 UTC 2018 (Ubuntu 4.15.0-39.42-generic 4.15.18)
[    0.000000] Command line: BOOT_IMAGE=/boot/vmlinuz-4.15.0-39-generic root=UUID=fbaacd62-c4ed-4e57-a021-65868a3f0c r csole=y1cool=ttyS
[    0.000000] KERNEL supored cpus:[    .00000  ntel GeninInte
[   000000]  MDutheticMD
[    0.000000   Centr CentaurHaul
[    0.000000] x86/fpu: Supporting XSAVE feature 0x001: 'x87 floating point registers'
[    0.000000] x86/fpu: Supporting XSAVE feature 0x002: 'SSE regier'
  0.0000] x86fp: uppoing XSA feaur 0x00 'AVX register'[    0.000000] x86/f: xstatoffset[2: 57, xstate_sizes[: 256
  0.0000] x8/fpu: Enabled xstate features 0x7, context size is 832 bytes, using 'standard' format.
[    0.000000] e820: BIOS-provided physical RAM map:
[    0.000000] BIOS-e820: [mem 0x0000000000000000-0x00000000000fbff uable
[   000000]BIOS-e820: [mem 0x000000000900-000000000009ffff] resered
[    0000000] BIOS-e820: [mem 0x0000000000f000-0x00000000000fffff] reserved
[    0.000000] BIOS-e82: [mem 0x0000000000100000-0x000000003ffeffff] usable
[    .000000] BIOS-e820: [mem 0x000000003fff0000-0x000000003fffff] ACPI data
[    0.00000] BIS-e80:[mem0x000000ec00000-0x00000000fec00fff] reserved
[    0.0000] OSe820: me 0x00000fee000-0x000000f00ff] esrved
[   0.00000]IOS-e820: [mm x000000ffc00-0x000000ffffffff] esrved[    0.0000]  (xecute Disae) precionactie
[   .0000 SBIOS 5 resent
[   000000]DM: innoek GmbH VirtualBox/irtualBox, BIOS rtualBo1201/20
[   .00000] Hypervisor tecte KM
[   0.000000] e820: last_pfn = 0x3fff0 mx_arcpfn =x400000
[  00000] TR Dsabld
[  0.00000] x6/AT: MTRRs disaled, skipping PT initialization too.
[    0000000]PU MTs al bank - virtuizedsytem.
[    0.000000]86/PAT:onfigaton [7]: WB  WT UC-UC  WB  WT  UC- UC  
[    0.000000] found SMP MP-table at [mem 0x0009fff0-0x0009ffff] mapped at [        (ptrval)]
[    0.000000] Scanning 1 areas for low memory corruption
[    0.000000] RAMDISK: [mem 0x359d9000-0x36ce3fff]
[    0.000000] ACPI: Early table checksum verifiation isable
[   .0000] API: RSD0x000000000E000 00024(v02 VBOX )
[    0.000000] ACPI: XSDT 0x000000003FFF0030 00003C (v01 VBOX   VBOXXSDT 0000001 ASL  0000061)
[    0.00000] ACPI: FACP 0x000000003FFF00F0 0000F4 (v04 VBOX   VBOXFACP 00000001 ASL  00000061)
[   0.000000] CP: DSDT 0x000000003FFF0470 0021FF (v02 VBO   VBOXBIOS 00000002 INTL 20100528)
[    0.000000] ACPI: FACS 0x000000003FF200 0004
[    0.000000] ACPI: FACS 0x000000003FFF0200 00004
[    0.000000] API: APIC 0x000000003FFF0240 00005C (v02 VBOX   VBOXAPIC 0000001 L 0000061
[    0.000000] ACPI: SSDT 0x000000003FFF02A0 0001CC (v01 VBOX   VBOXCPUT 00000002 INTL 20100528)
[    0.000000] No NUMA configuraion fund
[    0.000000] Fain a node at [m 0x0000000000000000-0x000000003ffeffff]
[    0.000000] NODE_DATA(0) allocated [mem 0x3ffc5000-0x3ffeffff]
[    .000000] kvm-clock: cpu 0, msr 0:3ff44001, primary cpu clock
[    0.000000] kvm-clock: Using msrs 4b564d01 and 4b564d00
    0.000000] kvm-clock: using sched offset o 786508384 cycles
[    0.00000] clocksource: kvm-clck: mask: 0xffffffffffffffff max_cyles: 0x1cd42e4dffb, max_idle_ns: 881590591483 ns
[    0.000000] Zone ranges:
[    0.000000]   DMA      [mem x000000000001000-0x0000000000fffff]
[   0.000000]   DMA32    [mem 0x0000000001000000-0x000000003ffeffff]
[    0.000000]   Normal   empty
[    0.000000]   Device   empty
[    0.00000]Movable zone start for each node
[   0.000000] Early memory node ranges
[    0.000000]   node   0: [mem 0x0000000000001000-0x000000000009efff]
[    0.000000]   node   0: [mem 0x0000000000100000-0x000000003ffeffff]
[    0.000000] Initmem setup node 0 [mem 0x0000000000001000-0x000000003ffefff]
[    0000000] Reserved but unavailable: 98 pages
[    0.000000] ACPI: PM-Timer IO Port: 0x4008
[   0.000000] IOAPIC[0]: apic_id 2, version 32, address 0xfec00000, GSI 0-23
[    0.000000] ACPI: INT_SRC_OV (bus 0bus_irq0 global_irq 2 dfl dfl)
[    0.000000] ACPI: INT_SRC_OVR (bus 0 bus_irq 9 global_irq 9 ow level)
[    0.000000] Using ACPI (MADT) for MP configuration information
[    0.000000] smpboot: Allowing 2 CPUs, 0 hotplug CPUs
[    0.000000] PM: Registered nosave memory: [mem 0x0000000-0x00000fff]
[    0.000000] PM: Registered nosave memory: [mem 0x0009f000-0x0009ffff]
[    0.000000] PM: Registered nosave memory: [mem 0x000a0000-0x000effff]
[    0.000000] PM: Registered nosave memory: [mem 0x000f0000-0x000fffff]
[    0.000000] e820: [mem 0x40000000-0xfebfffff] available fo PCI devices
[    0000000] Booting parvirtualizedkenel on KVM
   0.000000] clocksoure: refned-jiffies: mask: 0xffffffff maxcycles: 0xfffffff, max_idle_ns 7645519600211568 ns
[    0.000000] random: get_random_bytes called from start_kernel+0x99/0x4fd with crng_init=0
[    0.000000] setup_percpu: NR_CPUS8192 nr_cpumask_bits:2 nr_cpu_ids:2 nr_node_ids:1
[    0.000000 percpu:Embedded 46 pages/cpu @        (ptrval) s15155 r8192 d28672 u1048576
[   0.0000000] PV qspinlock hash table entries: 256 (ordr: 0, 409 bytes)
[    0.000000] Built 1 zonelists, mobility groping n.  Total pages: 257913
[    0.000000] Policy zone: DMA32
[    0.000000] Kernel command line: BOOT_IMAGE=/boot/vmlinuz-4.15.0-39-generic roo=UUIDfbaacd62-c4ed-4e57-a021-65868a37f06c ro console=tty1 console=ttyS0
[    0.000000] Memory: 983084K/1048120K available (2300K kernel code, 2472K rwdata, 4248K rodata, 2408K init, 2416K bss, 65036K reserved, 0K cma-reserved)
[    0.000000] SLUB: HWalign=64, Order=0-3, MinObjects=, CPUs=2, Nodes=1
[    0.000000] Kernel/User page tables isolation: enabled
[    0.000000] ftrac: allocating 39178entries in 154 pages
[    0.004000] HierarchicalRCU implementation.
[    0.004000]	RCU restricting CPUs from NR_CPUS=8192 to nr_cpu_ids=2.
[    0.004000] 	Tasks RCU enabled.
[    0.004000] RCU: Adjusting geometry for rcu_fanout_leaf=16, nr_cpu_ids=2
[    0.004000] NR_IRQS: 524544, nr_irqs: 440, preallocated irqs: 16
[    0.004000] Console: colour VGA+ 80x25
[    0.004000] console [tty1] enabled
[    0.004000] console [ttyS0] enabled
[    0.004000] ACPI: Core revision 20170831
[    0.004000] ACPI: 2 ACPI AML tables successfully acquired and loaded
[    0.004000] APIC: Switch to symmetric I/O mode setup
[    0.004452] x2apic enabled
[    0.008009] Switched APIC routing to physical x2apic.
[    0.020000] ..TIMER: vector=0x30 apic1=0 pin1=2 apic2=-1 pin2=-1
[    0.020008] tsc: Detected 2304.000 MHz processor
[    0.024016] Calibrating delay loop (skipped) preset value.. 4608.00 BogoMIPS (lpj=9216000)
[    0.028009] pid_max: default: 32768 minimum: 301
[    0.036031] Security Framework initialized
[    0.040007] Yama: becoming mindful.
[    0.044178] AppArmor: AppArmor initialized
[    0.052075] Dentry cache hash table entries: 131072 (order: 8, 1048576 bytes)
[    0.056117] Inode-cache hash table entries: 65536 (order: 7, 524288 bytes)
[    0.060035] Mount-cache hash table entries: 2048 (order: 2, 16384 bytes)
[    0.064016] Mountpoint-cache hash table entries: 2048 (order: 2, 16384 bytes)
[    0.068242] mce: CPU supports 0 MCE banks
[    0.072028] Last level iTLB entries: 4KB 64, 2MB 8, 4MB 8
[    0.076007] Last level dTLB entries: 4KB 64, 2MB 0, 4MB 0, 1GB 4
[    0.080007] Spectre V2 : Mitigation: Full generic retpoline
[    0.088004] Spectre V2 : Spectre v2 / SpectreRSB mitigation: Filling RSB on context switch
[    0.092025] Speculative Store Bypass: Vulnerable
[    0.100262] Freeing SMP alternatives memory: 36K
[    0.108000] smpboot: CPU0: Intel(R) Core(TM) i5-7360U CPU @ 2.30GHz (family: 0x6, model: 0x8e, stepping: 0x9)
[    0.108104] Performance Events: unsupported p6 CPU model 142 no PMU driver, software events only.
[    0.112077] Hierarchical SRCU implementation.
[    0.116846] NMI watchdog: Perf event create on CPU 0 failed with -2
[    0.124008] NMI watchdog: Perf NMI watchdog permanently disabled
[    0.128105] smp: Bringing up secondary CPUs ...
[    0.132127] x86: Booting SMP configuration:
[    0.136005] .... node  #0, CPUs:      #1
[    0.004000] kvm-clock: cpu 1, msr 0:3ff44041, secondary cpu clock
[    0.004000] mce: CPU supports 0 MCE banks
[    0.242171] smp: Brought up 1 node, 2 CPUs
[    0.244011] smpboot: Max logical packages: 1
[    0.248009] smpboot: Total of 2 processors activated (9216.00 BogoMIPS)
[    0.252193] devtmpfs: initialized
[    0.256092] x86/mm: Memory block size: 128MB
[    0.260177] evm: security.selinux
[    0.264008] evm: security.SMACK64
[    0.268006] evm: security.SMACK64EXEC
[    0.272006] evm: security.SMACK64TRANSMUTE
[    0.276005] evm: security.SMACK64MMAP
[    0.280005] evm: security.apparmor
[    0.284007] evm: security.ima
[    0.288006] evm: security.capability
[    0.289095] clocksource: jiffies: mask: 0xffffffff max_cycles: 0xffffffff, max_idle_ns: 7645041785100000 ns
[    0.292013] futex hash table entries: 512 (order: 3, 32768 bytes)
[    0.296319] pinctrl core: initialized pinctrl subsystem
[    0.304129] RTC time:  6:55:13, date: 11/15/18
[    0.308212] NET: Registered protocol family 16
[    0.310836] audit: initializing netlink subsys (disabled)
[    0.312315] audit: type=2000 audit(1542264903.236:1): state=initialized audit_enabled=0 res=1
[    0.356073] cpuidle: using governor ladder
[    0.360023] cpuidle: using governor menu
[    0.364071] ACPI: bus type PCI registered
[    0.368008] acpiphp: ACPI Hot Plug PCI Controller Driver version: 0.5
[    0.372449] PCI: Using configuration type 1 for base access
[    0.380076] HugeTLB registered 2.00 MiB page size, pre-allocated 0 pages
[    0.384370] ACPI: Added _OSI(Module Device)
[    0.388018] ACPI: Added _OSI(Processor Device)
[    0.392015] ACPI: Added _OSI(3.0 _SCP Extensions)
[    0.396008] ACPI: Added _OSI(Processor Aggregator Device)
[    0.400008] ACPI: Added _OSI(Linux-Dell-Video)
[    0.404010] ACPI: Added _OSI(Linux-Lenovo-NV-HDMI-Audio)
[    0.408477] ACPI: Executed 1 blocks of module-level executable AML code
[    0.421598] ACPI: Interpreter enabled
[    0.424023] ACPI: (supports S0 S5)
[    0.425043] ACPI: Using IOAPIC for interrupt routing
[    0.432065] PCI: Using host bridge windows from ACPI; if necessary, use "pci=nocrs" and report a bug
[    0.436212] ACPI: Enabled 2 GPEs in block 00 to 07
[    0.458613] ACPI: PCI Root Bridge [PCI0] (domain 0000 [bus 00-ff])
[    0.460018] acpi PNP0A03:00: _OSC: OS supports [ASPM ClockPM Segments MSI]
[    0.464082] acpi PNP0A03:00: _OSC: not requesting OS control; OS requires [ExtendedConfig ASPM ClockPM MSI]
[    0.468040] acpi PNP0A03:00: fail to add MMCONFIG information, can't access extended PCI configuration space under this bridge.
[    0.472552] PCI host bridge to bus 0000:00
[    0.476006] pci_bus 0000:00: root bus resource [io  0x0000-0x0cf7 window]
[    0.480012] pci_bus 0000:00: root bus resource [io  0x0d00-0xffff window]
[    0.484009] pci_bus 0000:00: root bus resource [mem 0x000a0000-0x000bffff window]
[    0.488010] pci_bus 0000:00: root bus resource [mem 0x40000000-0xfdffffff window]
[    0.492011] pci_bus 0000:00: root bus resource [bus 00-ff]
[    0.497972] pci 0000:00:01.1: legacy IDE quirk: reg 0x10: [io  0x01f0-0x01f7]
[    0.500007] pci 0000:00:01.1: legacy IDE quirk: reg 0x14: [io  0x03f6]
[    0.504010] pci 0000:00:01.1: legacy IDE quirk: reg 0x18: [io  0x0170-0x0177]
[    0.508010] pci 0000:00:01.1: legacy IDE quirk: reg 0x1c: [io  0x0376]
[    0.530757] pci 0000:00:07.0: quirk: [io  0x4000-0x403f] claimed by PIIX4 ACPI
[    0.532034] pci 0000:00:07.0: quirk: [io  0x4100-0x410f] claimed by PIIX4 SMB
[    0.548708] ACPI: PCI Interrupt Link [LNKA] (IRQs 5 9 10 *11)
[    0.556184] ACPI: PCI Interrupt Link [LNKB] (IRQs 5 9 *10 11)
[    0.560162] ACPI: PCI Interrupt Link [LNKC] (IRQs 5 *9 10 11)
[    0.564677] ACPI: PCI Interrupt Link [LNKD] (IRQs 5 9 10 *11)
[    0.568890] SCSI subsystem initialized
[    0.576131] pci 0000:00:02.0: vgaarb: setting as boot VGA device
[    0.577450] pci 0000:00:02.0: vgaarb: VGA device added: decodes=io+mem,owns=io+mem,locks=none
[    0.632013] pci 0000:00:02.0: vgaarb: bridge control possible
[    0.648006] vgaarb: loaded
[    0.672087] ACPI: bus type USB registered
[    0.692043] usbcore: registered new interface driver usbfs
[    0.712030] usbcore: registered new interface driver hub
[    0.720046] usbcore: registered new device driver usb
[    0.724060] EDAC MC: Ver: 3.0.0
[    0.724266] PCI: Using ACPI for IRQ routing
[    0.740446] NetLabel: Initializing
[    0.764008] NetLabel:  domain hash size = 128
[    0.765272] NetLabel:  protocols = UNLABELED CIPSOv4 CALIPSO
[    0.772036] NetLabel:  unlabeled traffic allowed by default
[    0.800096] clocksource: Switched to clocksource kvm-clock
[    0.817257] VFS: Disk quotas dquot_6.6.0
[    0.845973] VFS: Dquot-cache hash table entries: 512 (order 0, 4096 bytes)
[    0.869675] AppArmor: AppArmor Filesystem Enabled
[    0.894533] pnp: PnP ACPI init
[    0.903955] pnp: PnP ACPI: found 3 devices
[    0.925640] clocksource: acpi_pm: mask: 0xffffff max_cycles: 0xffffff, max_idle_ns: 2085701024 ns
[    0.955149] NET: Registered protocol family 2
[    0.973844] TCP established hash table entries: 8192 (order: 4, 65536 bytes)
[    1.052723] TCP bind hash table entries: 8192 (order: 5, 131072 bytes)
[    1.081486] TCP: Hash tables configured (established 8192 bind 8192)
[    1.150143] UDP hash table entries: 512 (order: 2, 16384 bytes)
[    1.155764] UDP-Lite hash table entries: 512 (order: 2, 16384 bytes)
[    1.221692] NET: Registered protocol family 1
[    1.238311] pci 0000:00:00.0: Limiting direct PCI/PCI transfers
[    1.251036] pci 0000:00:01.0: Activating ISA DMA hang workarounds
[    1.336613] pci 0000:00:02.0: Video device with shadowed ROM at [mem 0x000c0000-0x000dffff]
[    1.398641] Unpacking initramfs...
[    1.846154] Freeing initrd memory: 19500K
[    1.866122] platform rtc_cmos: registered platform RTC device (no PNP device found)
[    1.916693] Scanning for low memory corruption every 60 seconds
[    1.944021] Initialise system trusted keyrings
[    1.961391] Key type blacklist registered
[    1.977744] workingset: timestamp_bits=36 max_order=18 bucket_order=0
[    2.017511] zbud: loaded
[    2.044840] squashfs: version 4.0 (2009/01/31) Phillip Lougher
[    2.060442] fuse init (API version 7.26)
[    2.066435] Key type asymmetric registered
[    2.114230] Asymmetric key parser 'x509' registered
[    2.140634] Block layer SCSI generic (bsg) driver version 0.4 loaded (major 246)
[    2.207566] io scheduler noop registered
[    2.215844] io scheduler deadline registered
[    2.219014] io scheduler cfq registered (default)
[    2.257827] ACPI: AC Adapter [AC] (on-line)
[    2.294003] input: Power Button as /devices/LNXSYSTM:00/LNXPWRBN:00/input/input0
[    2.375297] ACPI: Power Button [PWRF]
[    2.395087] input: Sleep Button as /devices/LNXSYSTM:00/LNXSLPBN:00/input/input1
[    2.398555] ACPI: Sleep Button [SLPF]
[    2.400708] Serial: 8250/16550 driver, 32 ports, Q sharing enabled
[    2.402534] ACPI: Battery Slot [BAT0] (battery present)
[    2.590998] 00:02: ttyS0 at I/O 0x3f8 (irq = 4, base_baud = 115200) is a 16550A
[    2.607769] Linux agpgart interface v0.103
[   2.633314] loop: module loaded
[    2.696800] scsi host0: ata_piix
[    2.722724] scsi host1: ata_piix
[    2.730380] ata1: PATA max UDMA/33 cmd 0x1f0 ctl 0x3f6 bmdma 0xd000 irq 14
[    2.745469] ata2: PATA max UDMA/33 cmd 0x170 ctl 0x376 bmdma 0xd008 irq 15
[    2.875360] libphy: Fixed MDIO Bus: probed
[    2.941471] tun: Universal TUN/TAP device driver, 1.6
[    2.981547] tsc: Refined TSC clocksource calibration: 2303.632 MHz
[    3.027975] clocksource: tsc: mask: 0xffffffffffffffff max_cycles: 0x21349c34c57, max_idle_ns: 440795264617 ns
[    3.054852] PPP generic driver version 2.4.2
[    3.107799] ehci_hcd: USB 2.0 'Enhanced' Host Controller (EHCI) Driver
[    3.170635] ehci-pci: EHCI PCI platform driver
[    3.172002] ehci-platform: EHCI generic platform driver
[   3.181]ohi_d:US 1 'pe' os Ctroller OHCI) Drive

[    3.804898] ohci-pci: OCIPC ptfrmdriver
[    4.056786] ohci-platform: OHCI generic platform driver
[    4.059635] uhci_hcd: USB Universal Host Controller Interface driver
[    4.097386] i8042: PNP: PS/2 Controller [PNP0303:PS2K,PNP0f03:PS2M] at 0x60,0x64 irq 1,12
[    4.139142] serio: i8042 KBD port at 0x60,0x64 irq 1
[    4.149969] serio: i8042 AUX port at 0x60,0x64 irq 12
[    4.188994] mousedev: PS/2 mouse device common for all mice
[    4.256163] input: AT Translated Set 2 keyboard as /devices/platform/i8042/serio0/input/input2
[    4.260585] rtc_cmos rtc_cmos: rtc core: registered rtc_cmos as rtc0
[    4.260660] rtc_cmos rtc_cmos: alarms up to one day, 114 bytes nvram
[    4.260673] i2c /dev entries driver
[    4.260680] pcie_mp2_amd: AMD(R) PCI-E MP2 Communication Driver Version: 1.0
[    4.260769] device-mapper: uevent: version 1.0.3
[    4.260836] device-mapper: ioctl: 4.37.0-ioctl (2017-09-20) initialised: dm-devel@redhat.com
[    4.359798] ledtrig-cpu: registered to indicate activity on CPUs
[    4.364681] NET: Registered protocol family 10
[    4.373047] Segment Routing with IPv6
[    4.388225] NET: Registered protocol family 17
[    4.398728] Key type dns_resolver registered
[    4.428343] RAS: Correctable Errors collector initialized.
[    4.434493] sched_clock: Marking stable (4434469706, 0)->(23852391215, -19417921509)
[    4.440652] registered taskstats version 1
[    4.449561] Loading compiled-in X.509 certificates
[    4.457122] Loaded X.509 cert 'Build time autogenerated kernel key: 28c680bedc8638650c29d29ff1fd33ae66a2014d'
[    4.464009] zswap: loaded using pool lzo/zbud
[    4.476253] Key type big_key registered
[    4.497390] Key type trusted registered
[    4.519950] Key type encrypted registered
[    4.556879] AppArmor: AppArmor sha1 policy hashing enabled
[    4.560850] ima: No TPM chip found, activating TPM-bypass! (rc=-19)
[    4.578587] ima: Allocated hash algorithm: sha1
[    4.626562] evm: HMAC attrs: 0x1
[    4.636578]   Magic number: 10:682:923
[    4.641647] rtc_cmos rtc_cmos: setting system clock to 2018-11-15 06:55:17 UTC (1542264917)
[    4.660340] BIOS EDD facility v0.16 2004-Jun-25, 0 devices found
[    4.669058] EDD information not available.
[    4.693915] Freeing unused kernel memory: 2408K
[    4.720259] Write protecting the kernel read-only data: 20480k
[    4.758505] Freeing unused kernel memory: 2008K
[    4.787054] Freeing unused kernel memory: 1896K
[    4.856998] x86/mm: Checked W+X mappings: passed, no W+X pages found.
[    4.896905] x86/mm: Checking user space page tables
[    4.921484] x86/mm: Checked W+X mappings: passed, no W+X pages found.
Loading, please wait...
starting version 237
[    5.090205] e1000: Intel(R) PRO/1000 Network Driver - version 7.3.21-k8-NAPI
[    5.121123] e1000: Copyright (c) 1999-2006 Intel Corporation.
[    5.155102] Fusion MPT base driver 3.04.20
[    5.160348] Copyright (c) 1999-2008 LSI Corporation
[    5.171130] Fusion MPT SPI Host driver 3.04.20
[    5.195263] AVX2 version of gcm_enc/dec engaged.
[    5.368613] AES CTR mode by8 optimization enabled
[    5.413238] input: ImExPS/2 Generic Explorer Mouse as /devices/platform/i8042/serio1/input/input4
[    5.767265] e1000 0000:00:03.0 eth0: (PCI:33MHz:32-bit) 02:0c:ab:1a:41:62
[    5.790745] e1000 0000:00:03.0 eth0: Intel(R) PRO/1000 Network Connection
[    5.796641] mptbase: ioc0: Initiating bringup
[    5.924830] ioc0: LSI53C1030 A0: Capabilities={Initiator}
[    6.221419] scsi host2: ioc0: LSI53C1030 A0, FwRev=00000000h, Ports=1, MaxQ=256, IRQ=20
[    6.411187] scsi 2:0:0:0: Direct-Access     VBOX     HARDDISK         1.0  PQ: 0 ANSI: 5
[    7.245736] scsi target2:0:0: Beginning Domain Validation
[    7.297101] scsi target2:0:0: Domain Validation skipping write tests
[    7.342218] scsi target2:0:0: Ending Domain Validation
[    7.343589] scsi target2:0:0: asynchronous
[    7.344936] random: fast init done
[    7.346584] scsi 2:0:1:0: Direct-Access     VBOX     HARDDISK         1.0  PQ: 0 ANSI: 5
[    7.568260] scsi target2:0:1: Beginning Domain Validation
[    7.597283] e1000 0000:00:08.0 eth1: (PCI:33MHz:32-bit) 08:00:27:7b:f0:54
[    7.597289] e1000 0000:00:08.0 eth1: Intel(R) PRO/1000 Network Connection
[    7.607762] random: systemd-udevd: uninitialized urandom read (16 bytes read)
[    7.607853] random: systemd-udevd: uninitialized urandom read (16 bytes read)
[    7.607857] random: systemd-udevd: uninitialized urandom read (16 bytes read)
[    7.701230] e1000 0000:00:03.0 enp0s3: renamed from eth0
[    7.888117] scsi target2:0:1: Domain Validation skipping write tests
[    7.982395] scsi target2:0:1: Ending Domain Validation
[    7.997822] scsi target2:0:1: asynchronous
[    8.005337] e1000 0000:00:08.0 enp0s8: renamed from eth1
[    8.113455] sd 2:0:0:0: Attached scsi generic sg0 type 0
[    8.198814] sd 2:0:0:0: [sda] 20971520 512-byte logical blocks: (10.7 GB/10.0 GiB)
[    8.296798] sd 2:0:0:0: [sda] Write Protect is off
[    8.296805] sd 2:0:1:0: Attached scsi generic sg1 type 0
[    8.468903] sd 2:0:0:0: [sda] Incomplete mode parameter data
[    8.494730] sd 2:0:0:0: [sda] Assuming drive cache: write through
[    8.494779] sd 2:0:1:0: [sdb] 20480 512-byte logical blocks: (10.5 MB/10.0 MiB)
[    8.494895] sd 2:0:1:0: [sdb] Write Protect is off
[    8.495001] sd 2:0:1:0: [sdb] Incomplete mode parameter data
[    8.495002] sd 2:0:1:0: [sdb] Assuming drive cache: write through
[    8.544940] sd 2:0:1:0: [sdb] Attached SCSI disk
[    8.691316]  sda: sda1
[    8.749147] sd 2:0:0:0: [sda] Attached SCSI disk
Begin: Loading essential drivers ... [   10.220092] raid6: sse2x1   gen()  8406 MB/s
[   10.336242] raid6: sse2x1   xor() 10292 MB/s
[   10.404428] raid6: sse2x2   gen() 13575 MB/s
[   10.504215] raid6: sse2x2   xor()  9983 MB/s
[   10.632039] raid6: sse2x4   gen() 17450 MB/s
[   10.792113] raid6: sse2x4   xor()  8897 MB/s
[   10.848161] raid6: avx2x1   gen() 11035 MB/s
[   10.900515] raid6: avx2x1   xor() 15185 MB/s
[   10.953914] raid6: avx2x2   gen() 30895 MB/s
[   11.008201] raid6: avx2x2   xor() 11046 MB/s
[   11.148074] raid6: avx2x4   gen() 32985 MB/s
[   11.268498] raid6: avx2x4   xor() 20078 MB/s
[   11.297690] raid6: using algorithm avx2x4 gen() 32985 MB/s
[   11.372569] raid6: .... xor() 20078 MB/s, rmw enabled
[   11.399116] raid6: using avx2x2 recovery algorithm
[   11.479012] xor: automatically using best checksumming function   avx       
[   11.551321] async_tx: api initialized (async)
done.
Begin: Running /scripts/init-p[   11.658328] Btrfs loaded, crc32c=crc32c-intel
remount ... done.
Begin: Mounting root file system ... Begin: Running /scripts/local-top ... done.
Begin: Running /scripts/local-premount ... Scanning for Btrfs filesystems
done.
Warning: fsck no[   11.764193] EXT4-fs (sda1): INFO: recovery required on readonly filesystem
t present, so sk[   11.921775] EXT4-fs (sda1): write access will be enabled during recovery
ipping root file system
[   12.992335] random: crng init done
[   13.009067] random: 7 urandom warning(s) missed due to ratelimiting
[   13.658914] EXT4-fs (sda1): recovery complete
[   13.719249] EXT4-fs (sda1): mounted filesystem with ordered data mode. Opts: (null)
done.
Begin: Running /scripts/local-bottom ... done.
Begin: Running /scripts/init-bottom ... done.
[   14.654450] ip_tables: (C) 2000-2006 Netfilter Core Team
[   14.737290] systemd[1]: systemd 237 running in system mode. (+PAM +AUDIT +SELINUX +IMA +APPARMOR +SMACK +SYSVINIT +UTMP +LIBCRYPTSETUP +GCRYPT +GNUTLS +ACL +XZ +LZ4 +SECCOMP +BLKID +ELFUTILS +KMOD -IDN2 +IDN -PCRE2 default-hierarchy=hybrid)
[   14.920062] systemd[1]: Detected virtualization oracle.
[   15.016022] systemd[1]: Detected architecture x86-64.

Welcome to [1mUbuntu 18.04.1 LTS[0m!

[   15.069347] systemd[1]: Set hostname to <ubuntu-bionic>.
[   15.438244] systemd[1]: Reached target System Time Synchronized.
[[0;32m  OK  [0m] Reached target System Time Synchronized.
[   15.520653] systemd[1]: Reached target Swap.
[[0;32m  OK  [0m] Reached target Swap.
[   15.596718] systemd[1]: Started Forward Password Requests to Wall Directory Watch.
[[0;32m  OK  [0m] Started Forward Password Requests to Wall Directory Watch.
[   15.696880] systemd[1]: Created slice System Slice.
[[0;32m  OK  [0m] Created slice System Slice.
[   15.716706] systemd[1]: Listening on udev Kernel Socket.
[[0;32m  OK  [0m] Listening on udev Kernel Socket.
[   15.777212] systemd[1]: Listening on LVM2 poll daemon socket.
[[0;32m  OK  [0m] Listening on LVM2 poll daemon socket.
[[0;32m  OK  [0m] Listening on Network Service Netlink Socket.
[[0;32m  OK  [0m] Listening on udev Control Socket.
[[0;32m  OK  [0m] Listening on Syslog Socket.
[[0;32m  OK  [0m] Listening on Journal Socket.
         Starting Uncomplicated firewall...
         Starting Create list of required st…ce nodes for the current kernel...
         Starting Load Ke[   16.290168] Loading iSCSI transport class v2.0-870.
rnel Modules...
[   16.353584] iscsi: registered transport (tcp)
         Starting udev Coldplug all Devices...
[[0;32m  OK  [0m] Listening on Journal Audit Socket.
[[0;32m  OK  [0m] Listening on /dev/initctl Compatibility Named Pipe.
         Startin[   16.533972] iscsi: registered transport (iser)
g Set the console keyboard layout...
[[0;32m  OK  [0m] Set up automount Arbitrary Executab…rmats File System Automount Point.
[[0;32m  OK  [0m] Created slice system-serial\x2dgetty.slice.
         Mounting Kernel Debug File System...
[[0;32m  OK  [0m] Listening on LVM2 metadata daemon socket.
         Mounting POSIX Message Queue File System...
         Startin[   16.796719] EXT4-fs (sda1): re-mounted. Opts: (null)
g Remount Root and Kernel File Systems...
[[0;32m  OK  [0m] Created slice User and Session Slice.
[[0;32m  OK  [0m] Reached target Slices.
[[0;32m  OK  [0m] Reached target User and Group Name Lookups.
         Mounting Huge Pages File System...
[[0;32m  OK  [0m] Listening on Device-mapper event daemon FIFOs.
         Starting Monitoring of LVM2 mirrors…ng dmeventd or progress polling...
[[0;32m  OK  [0m] Listening on Journal Socket (/dev/log).
         Starting Journal Service...
[[0;32m  OK  [0m] Started Uncomplicated firewall.
[[0;32m  OK  [0m] Started Journal Service.
[[0;32m  OK  [0m] Started Create list of required sta…vice nodes for the current kernel.
[[0;32m  OK  [0m] Started Load Kernel Modules.
[[0;32m  OK  [0m] Started Set the console keyboard layout.
[[0;32m  OK  [0m] Mounted Kernel Debug File System.
[[0;32m  OK  [0m] Mounted POSIX Message Queue File System.
[[0;32m  OK  [0m] Started Remount Root and Kernel File Systems.
[[0;32m  OK  [0m] Mounted Huge Pages File System.
[[0;32m  OK  [0m] Started udev Coldplug all Devices.
[[0;32m  OK  [0m] Started LVM2 metadata daemon.
         Starting Load/Save Random Seed...
         Starting Initial cloud-init job (pre-networking)...
         Starting Apply Kernel Variables...
         Mounting FUSE Control File System...
         Mounting Kernel Configuration File System...
         Starting Create Static Device Nodes in /dev...
         Starting Flush Journal to Persistent Storage...
[[0;32m  OK  [0m] Started Monitoring of LVM2 mirrors,…sing dmeventd or progress polling.
[[0;32m  OK  [0m] Started Load/Save Random Seed.
[[0;32m  OK  [0m] Mounted FUSE Control File System.
[[0;32m  OK  [0m] Mounted Kernel Configuration File System.
[[0;32m  OK  [0m] Started Apply Kernel Variables.
[[0;32m  OK  [0m] Started Create Static Device Nodes in /dev.
         Starting udev Kernel Device Manager...
[[0;32m  OK  [0m] Reached target Local File Systems (Pre).
[[0;32m  OK  [0m] Reached target Local File Systems.
         Starting ebtables ruleset management...
         Starting Tell Plymouth To Write Out Runtime Data...
         Starting Set console font and keymap...
         Starting AppArmor initialization...
[[0;32m  OK  [0m] Started udev Kernel Device Manager.
[[0;32m  OK  [0m] Started Tell Plymouth To Write Out Runtime Data.
[[0;32m  OK  [0m] Started Set console font and keymap.
[[0;32m  OK  [0m] Started Dispatch Password Requests to Console Directory Watch.
[[0;32m  OK  [0m] Reached target Local Encrypted Volumes.
[[0;32m  OK  [0m] Started ebtables ruleset management.
[[0;32m  OK  [0m] Found device /dev/ttyS0.
[[0;32m  OK  [0m] Listening on Load/Save RF Kill Switch Status /dev/rfkill Watch.
[[0;32m  OK  [0m] Started Flush Journal to Persistent Storage.
         Starting Create Volatile Files and Directories...
[[0;32m  OK  [0m] Started Create Volatile Files and Directories.
[[0;32m  OK  [0m] Started AppArmor initialization.
         Starting Update UTMP about System Boot/Shutdown...
[[0;32m  OK  [0m] Started Update UTMP about System Boot/Shutdown.
[   19.692243] cloud-init[416]: Cloud-init v. 18.2 running 'init-local' at Thu, 15 Nov 2018 06:55:32 +0000. Up 19.48 seconds.
[[0;32m  OK  [0m] Started Initial cloud-init job (pre-networking).
[[0;32m  OK  [0m] Reached target Network (Pre).
         Starting Network Service...
[[0;32m  OK  [0m] Started Network Service.
         Starting Wait for Network to be Configured...
         Starting Network Name Resolution...
[[0;32m  OK  [0m] Started Network Name Resolution.
[[0;32m  OK  [0m] Reached target Host and Network Name Lookups.
[[0;32m  OK  [0m] Reached target Network.
[[0;32m  OK  [0m] Started Wait for Network to be Configured.
         Starting Initial cloud-init job (metadata service crawler)...
[   22.646998] cloud-init[659]: Cloud-init v. 18.2 running 'init' at Thu, 15 Nov 2018 06:55:35 +0000. Up 22.21 seconds.
[[0;32m  OK  [0m] Started Initial cloud-init job (metadata service crawler).
[[0;32m  OK  [0m] Reached target Cloud-config availability.
[[0;32m  OK  [0m] Reached target System Initialization.
[   22.778642] cloud-init[659]: ci-info: ++++++++++++++++++++++++++++++++++++++Net device info+++++++++++++++++++++++++++++++++++++++
[   23.117109] cloud-init[659]: ci-info: +--------+------+-----------------------------+---------------+--------+-------------------+
[   23.180502] cloud-init[659]: ci-info: | Device |  Up  |           Address           |      Mask     | Scope  |     Hw-Address    |
[[0;32m  OK  [0m] Started Discard unused blocks once a week.
[[0;32m  OK  [0m] Listening on ACPID Listen Socket.
[   23.218006] cloud-init[659]: ci-info: +--------+------+-----------------------------+---------------+--------+-------------------+
[[0;32m  OK  [0m] Listening on UUID daemon activation socket.
[   23.452708] cloud-init[659]: ci-info: | enp0s3 | True |          10.0.2.15          | 255.255.255.0 | global | 02:0c:ab:1a:41:62 |
         Starting LXD - unix socket.
[   23.600523] cloud-init[659]: ci-info: | enp0s3 | True |  fe80::c:abff:fe1a:4162/64  |       .       |  link  | 02:0c:ab:1a:41:62 |
         Starting Socket activation for snappy daemon.
[   23.745369] [cloud-init[0;32m  OK  [0m[659]: ci-info: | enp0s8 | True |        192.168.33.10        | 255.255.255.0 | global | 08:00:27:7b:f0:54 |] 
Started Message of the Day.
[[0;32m  OK  [0m] Started Daily apt download activities.
[[0;32m  OK  [0m] Started Daily Cleanup of Temporary Directories.
[   23.952580] cloud-init[659]: ci-info: | enp0s8 | True | fe80::a00:27ff:fe7b:f054/64 |       .       |  link  | 08:00:27:7b:f0:54 |
[[0;32m  OK  [0m] Started ACPI Events Check.
[   24.197633] [cloud-init[0;32m  OK  [0m[659]: ] ci-info: |   lo   | True |          127.0.0.1          |   255.0.0.0   |  host  |         .         |Reached target Paths.

[[0;32m  OK  [0m] Listening on D-Bus System Message Bus Socket.
[   24.284950] [cloud-init[0;32m  OK  [0m[659]: ] ci-info: |   lo   | True |           ::1/128           |       .       |  host  |         .         |Started Daily apt upgrade and clean activities.

[[0;32m  OK  [0m] Reached target Timers.
[   24.504481] cloud-init[659]: ci-info: +--------+------+-----------------------------+---------------+--------+-------------------+
[[0;32m  OK  [0m] Reached target Network is Online.
[   24.664833] cloud-init[659]: ci-info: +++++++++++++++++++++++++++++Route IPv4 info+++++++++++++++++++++++++++++
         Starting iSCSI initiator daemon (iscsid)...
[   24.786170] [cloud-init[0;32m  OK  [0m[659]: ] ci-info: +-------+--------------+----------+-----------------+-----------+-------+Listening on LXD - unix socket.

[[0;32m  OK  [0m] Listening on Socket activation for snappy daemon.
[   25.006454] cloud-init[659]: ci-info: | Route | Destination  | Gateway  |     Genmask     | Interface | Flags |
[[0;32m  OK  [0m] Reached target Sockets.
[   25.168544] cloud-init[659]: ci-info: +-------+--------------+----------+-----------------+-----------+-------+
[[0;32m  OK  [0m] Reached target Basic System.
[   25.291269] cloud-init[659]: ci-info: |   0   |   0.0.0.0    | 10.0.2.2 |     0.0.0.0     |   enp0s3  |   UG  |
[[0;32m  OK  [0m] Started FUSE filesystem for LXC.
[   25.357079] cloud-init[659]: ci-info: |   1   |   10.0.2.0   | 0.0.0.0  |  255.255.255.0  |   enp0s3  |   U   |
         Starting Apply the settings specified in cloud-config...
[   25.542796] cloud-init[659]: ci-info: |   2   |   10.0.2.2   | 0.0.0.0  | 255.255.255.255 |   enp0s3  |   UH  |         
Starting Accounts Service...
         Starting Snappy daemon...
[   25.581150] cloud-init[659]: ci-info: |   3   | 192.168.33.0 | 0.0.0.0  |  255.255.255.0  |   enp0s8  |   U   |
         Starting LSB: Record successful boot for GRUB...
[   25.646395] cloud-init[659]: ci-info: +-------+--------------+----------+-----------------+-----------+-------+
         Starting Dispatcher daemon for systemd-networkd...
[   25.752737] cloud-init[659]: ci-info: +++++++++++++++++++Route IPv6 info+++++++++++++++++++
         Starting Login Service...
[   25.761489] cloud-init[659]: ci-info: +-------+-------------+---------+-----------+-------+
[[0;32m  OK  [0m] Started irqbalance daemon.
[   25.896422] cloud-init[659]: ci-info: | Route | Destination | Gateway | Interface | Flags |
         Starting OpenBSD Secure Shell server...
[   25.948096] cloud-init[659]: ci-info: +-------+-------------+---------+-----------+-------+
         Starting System Logging Service...
[   26.000849] [[0;32m  OK  [0m] Started Unattended Upgrades Shutdown.
[[0;32m  OK  [0m] Started D-Bus System Message Bus.
cloud-init[659]: ci-info: |   1   |  fe80::/64  |    ::   |   enp0s8  |   U   |
[   26.031953] cloud-init[659]: ci-info: |   2   |  fe80::/64  |    ::   |   enp0s3  |   U   |
[[0;32m  OK  [0m] Started Regular background program processing daemon.
[   26.051432] cloud-init[659]: ci-info: |   4   |    local    |    ::   |   enp0s3  |   U   |
         Starting vboxadd.service...
[   26.168906] cloud-init[659]: ci-info: |   5   |    local    |    ::   |   enp0s8  |   U   |
[[0;32m  OK  [0m] Started Deferred execution scheduler.
         Starting LXD - container startup/shutdown...
[   26.284761] cloud-init[659]: ci-info: |   6   |   ff00::/8  |    ::   |   enp0s8  |   U   |
[[0;32m  OK  [0m] Started Snappy daemon.
[   26.465234] [cloud-init[0;32m  OK  [0m[659]: ] ci-info: |   7   |   ff00::/8  |    ::   |   enp0s3  |   U   |Started System Logging Service.

[[0;32m  OK  [0m] Started Dispatcher daemon for systemd-networkd.
[   26.565334] cloud-init[659]: ci-info: +-------+-------------+---------+-----------+-------+
[[0;32m  OK  [0m] Started iSCSI initiator daemon (iscsid).
[   26.656572] cloud-init[785]: Cloud-init v. 18.2 running 'modules:config' at Thu, 15 Nov 2018 06:55:38 +0000. Up 25.87 seconds.
[[0;32m  OK  [0m] Started Apply the settings specified in cloud-config.
[[0;32m  OK  [0m] Started vboxadd.service.
[[0;32m  OK  [0m] Started OpenBSD Secure Shell server.
[[0;32m  OK  [0m] Started LXD - container startup/shutdown.
[[0;32m  OK  [0m] Started Login Service.
         Starting Authorization Manager...
         Starting vboxadd-service.service...
[[0;32m  OK  [0m] Reached target Remote File Systems (Pre).
[[0;32m  OK  [0m] Reached target Remote File Systems.
         Starting Permit User Sessions...
         Starting LSB: automatic crash report generation...
         Starting Availability of block devices...
         Starting Wait until snapd is fully seeded...
[[0;32m  OK  [0m] Started LSB: Record successful boot for GRUB.
[[0;32m  OK  [0m] Started vboxadd-service.service.
[[0;32m  OK  [0m] Started Permit User Sessions.
[[0;32m  OK  [0m] Started Availability of block devices.
[[0;32m  OK  [0m] Started Wait until snapd is fully seeded.
[[0;32m  OK  [0m] Started Authorization Manager.
[[0;32m  OK  [0m] Started Accounts Service.
[[0;32m  OK  [0m] Created slice User Slice of vagrant.
         Starting User Manager for UID 1000...
         Starting Terminate Plymouth Boot Screen...
         Starting Hold until boot process finishes up...
[[0;32m  OK  [0m] Started LSB: automatic crash report generation.
[[0;32m  OK  [0m] Started Terminate Plymouth Boot Screen.
[[0;32m  OK  [0m] Started Hold until boot process finishes up.
[[0;32m  OK  [0m] Started Session 1 of user vagrant.
[[0;32m  OK  [0m] Started Serial Getty on ttyS0.
         Starting Set console scheme...
[[0;32m  OK  [0m] Started User Manager for UID 1000.
[[0;32m  OK  [0m] Started Set console scheme.
[[0;32m  OK  [0m] Created slice system-getty.slice.
[[0;32m  OK  [0m] Started Getty on tty1.
[[0;32m  OK  [0m] Reached target Login Prompts.
[[0;32m  OK  [0m] Reached target Multi-User System.
[[0;32m  OK  [0m] Reached target Graphical Interface.
         Starting Update UTMP about System Runlevel Changes...
         Starting Execute cloud user/final scripts...
[[0;32m  OK  [0m] Started Update UTMP about System Runlevel Changes.
[   28.207842] cloud-init[1289]: Cloud-init v. 18.2 running 'modules:final' at Thu, 15 Nov 2018 06:55:40 +0000. Up 28.04 seconds.
[[   28.284854] cloud-init[1289]: Cloud-init v. 18.2 finished at Thu, 15 Nov 2018 06:55:41 +0000. Datasource DataSourceNoCloud [seed=/dev/sdb][dsmode=net].  Up 28.20 seconds
[0;32m  OK  [0m] Started Execute cloud user/final scripts.
[[0;32m  OK  [0m] Reached target Cloud-init target.

Ubuntu 18.04.1 LTS ubuntu-bionic ttyS0

ubuntu-bionic login: [ 4548.817812] BUG: unable to handle kernel paging request at 00000003ffffffff
[ 4548.886311] IP: 0x3ffffffff
[ 4548.915855] PGD 800000003b3be067 P4D 800000003b3be067 PUD 0 
[ 4548.925715] Oops: 0010 [#1] SMP PTI
[ 4548.981160] Modules linked in: vboxsf isofs input_leds serio_raw video vboxguest sch_fq_codel ib_iser rdma_cm iw_cm ib_cm ib_core iscsi_tcp libiscsi_tcp libiscsi scsi_transport_iscsi ip_tables x_tables autofs4 btrfs zstd_compress raid10 raid456 async_raid6_recov async_memcpy async_pq async_xor async_tx xor raid6_pq libcrc32c raid1 raid0 multipath linear crct10dif_pclmul crc32_pclmul ghash_clmulni_intel pcbc aesni_intel mptspi scsi_transport_spi mptscsih aes_x86_64 mptbase crypto_simd glue_helper cryptd psmouse e1000
[ 4549.234063] CPU: 1 PID: 4531 Comm: node Not tainted 4.15.0-39-generic #42-Ubuntu
[ 4549.329034] Hardware name: innotek GmbH VirtualBox/VirtualBox, BIOS VirtualBox 12/01/2006
[ 4549.401285] RIP: 0010:0x3ffffffff
[ 4549.424798] RSP: 0018:ffffb822c286ba08 EFLAGS: 00010246
[ 4549.468594] RAX: 0000000000000000 RBX: ffffb822c286baa4 RCX: 0000000000000000
[ 4549.572348] RDX: 0000000000584755 RSI: ffff88e4bfd270e0 RDI: 0000000000000000
[ 4549.612410] RBP: ffffffffc286ba88 R08: 00000000000270e0 R09: ffffffffc05886cf
[ 4549.649454] R10: fffffb7940e93540 R11: 000000000000006c R12: ffff88e4ba4dc800
[ 4549.694482] R13: ffffb822c286bba8 R14: ffff88e4ba633b20 R15: ffff88e4bb509240
[ 4549.775075] FS:  00007f9c48a7b700(0000) GS:ffff88e4bfd00000(0000) knlGS:0000000000000000
[ 4549.868764] CS:  0010 DS: 0000 ES: 0000 CR0: 0000000080050033
[ 4549.908498] CR2: 00000003ffffffff CR3: 000000003619e000 CR4: 00000000000406e0
[ 4549.971701] DR0: 0000000000000000 DR1: 0000000000000000 DR2: 0000000000000000
[ 4550.024741] DR3: 0000000000000000 DR6: 00000000fffe0ff0 DR7: 0000000000000400
[ 4550.104474] Call Trace:
[ 4550.120650]  ? sf_inode_revalidate+0x8c/0xe0 [vboxsf]
[ 4550.151222]  ? __d_lookup+0x109/0x140
[ 4550.194814]  ? sf_dentry_revalidate+0x13/0x30 [vboxsf]
[ 4550.252921]  ? lookup_fast+0x281/0x320
[ 4550.271006]  ? _cond_resched+0x19/0x40
[ 4550.323568]  ? dput.part.23+0x2d/0x1e0
[ 4550.334545]  ? walk_component+0x49/0x470
[ 4550.375290]  ? __inode_permission+0x5b/0x160
[ 4550.435895]  ? link_path_walk+0x1bc/0x5a0
[ 4550.449994]  ? path_init+0x177/0x2f0
[ 4550.470280]  ? path_lookupat+0x56/0x1f0
[ 4550.503723]  ? ttwu_do_activate+0x77/0x80
[ 4550.550098]  ? filename_lookup+0xb6/0x190
[ 4550.573205]  ? try_to_wake_up+0x59/0x480
[ 4550.592936]  ? __check_object_size+0xaf/0x1b0
[ 4550.627436]  ? strncpy_from_user+0x4d/0x170
[ 4550.665487]  ? user_path_at_empty+0x36/0x40
[ 4550.696593]  ? user_path_at_empty+0x36/0x40
[ 4550.745432]  ? vfs_statx+0x76/0xe0
[ 4550.772929]  ? do_futex+0x300/0x500
[ 4550.812180]  ? __switch_to+0x13a/0x500
[ 4550.849791]  ? __switch_to_asm+0x40/0x70
[ 4550.872410]  ? SYSC_newstat+0x3d/0x70
[ 4550.890672]  ? SyS_futex+0x13b/0x180
[ 4550.906516]  ? SyS_newstat+0xe/0x10
[ 4550.941064]  ? do_syscall_64+0x73/0x130
[ 4550.959503]  ? entry_SYSCALL_64_after_hwframe+0x3d/0xa2
[ 4550.987549] Code:  Bad RIP value.
[ 4551.015779] RIP: 0x3ffffffff RSP: ffffb822c286ba08
[ 4551.062760] CR2: 00000003ffffffff
[ 4551.080217] ---[ end trace d36ba358563f06db ]---
[16790.156074] 04:39:22.415952 timesync vgsvcTimeSyncWorker: Radical host time change: 3 949 486 000 000ns (HostNow=1 542 287 165 341 000 000 ns HostLast=1 542 283 215 855 000 000 ns)
[16800.277316] 04:39:32.679660 timesync vgsvcTimeSyncWorker: Radical guest time change: 3 948 237 765 000ns (GuestNow=1 542 287 175 605 608 000 ns GuestLast=1 542 283 227 367 843 000 ns fSetTimeLastLoop=true )
[19810.742029] 05:29:43.245900 timesync vgsvcTimeSyncWorker: Radical host time change: 1 861 226 000 000ns (HostNow=1 542 292 037 413 000 000 ns HostLast=1 542 290 176 187 000 000 ns)
[19820.981582] 05:29:53.484807 timesync vgsvcTimeSyncWorker: Radical guest time change: 1 861 480 245 000ns (GuestNow=1 542 292 047 651 999 000 ns GuestLast=1 542 290 186 171 754 000 ns fSetTimeLastLoop=true )
[20581.174658] 05:42:33.678519 timesync vgsvcTimeSyncWorker: Radical host time change: 4 343 416 000 000ns (HostNow=1 542 297 141 266 000 000 ns HostLast=1 542 292 797 850 000 000 ns)
[20591.519016] 05:42:44.022882 timesync vgsvcTimeSyncWorker: Radical host time change: 21 013 380 000 000ns (HostNow=1 542 318 154 646 000 000 ns HostLast=1 542 297 141 266 000 000 ns)
[20591.676180] 05:42:44.180051 timesync vgsvcTimeSyncWorker: Radical guest time change: 4 343 735 522 000ns (GuestNow=1 542 297 151 579 806 000 ns GuestLast=1 542 292 807 844 284 000 ns fSetTimeLastLoop=true )
[20601.787884] 05:42:54.291230 timesync vgsvcTimeSyncWorker: Radical guest time change: 21 013 366 514 000ns (GuestNow=1 542 318 164 946 320 000 ns GuestLast=1 542 297 151 579 806 000 ns fSetTimeLastLoop=true )
[20621.859592] 05:43:14.363450 timesync vgsvcTimeSyncWorker: Radical host time change: 4 455 864 000 000ns (HostNow=1 542 322 630 878 000 000 ns HostLast=1 542 318 175 014 000 000 ns)
[20632.028965] 05:43:24.532532 timesync vgsvcTimeSyncWorker: Radical guest time change: 4 456 039 806 000ns (GuestNow=1 542 322 641 052 714 000 ns GuestLast=1 542 318 185 012 908 000 ns fSetTimeLastLoop=true )
[23279.753219] BUG: unable to handle kernel paging request at 0000000300000000
[23279.934356] IP: 0x300000000
[23280.005348] PGD 8000000039bfd067 P4D 8000000039bfd067 PUD 0 
[23280.154173] Oops: 0010 [#2] SMP PTI
[23280.223767] Modules linked in: vboxsf isofs input_leds serio_raw video vboxguest sch_fq_codel ib_iser rdma_cm iw_cm ib_cm ib_core iscsi_tcp libiscsi_tcp libiscsi scsi_transport_iscsi ip_tables x_tables autofs4 btrfs zstd_compress raid10 raid456 async_raid6_recov async_memcpy async_pq async_xor async_tx xor raid6_pq libcrc32c raid1 raid0 multipath linear crct10dif_pclmul crc32_pclmul ghash_clmulni_intel pcbc aesni_intel mptspi scsi_transport_spi mptscsih aes_x86_64 mptbase crypto_simd glue_helper cryptd psmouse e1000
[23281.026745] CPU: 1 PID: 8743 Comm: node Tainted: G      D          4.15.0-39-generic #42-Ubuntu
[23281.058194] Hardware name: innotek GmbH VirtualBox/VirtualBox, BIOS VirtualBox 12/01/2006
[23281.066978] RIP: 0010:0x300000000
[23281.067933] RSP: 0018:ffffb822c1de3a68 EFLAGS: 00010286
[23281.069491] RAX: 0000000000000000 RBX: 0000000000000058 RCX: 00000000018d87e7
[23281.072688] RDX: 00000000018d87e6 RSI: ffff88e4bfd270e0 RDI: 0000000000000000
[23281.075862] RBP: 00000dfcc1de3a68 R08: 00000000000270e0 R09: ffffffffc05886cf
[23281.172685] R10: fffffb7940e93540 R11: 0000000000000283 R12: ffffffffc0671ca0
[23281.271089] R13: ffffb822c1de3ab8 R14: ffff88e4ba633b20 R15: ffff88e4bb6f2b40
[23281.365614] FS:  00007f6616ffd700(0000) GS:ffff88e4bfd00000(0000) knlGS:0000000000000000
[23281.577907] CS:  0010 DS: 0000 ES: 0000 CR0: 0000000080050033
[23281.714902] CR2: 0000000300000000 CR3: 0000000029920000 CR4: 00000000000406e0
[23281.829654] DR0: 0000000000000000 DR1: 0000000000000000 DR2: 0000000000000000
[23281.992536] DR3: 0000000000000000 DR6: 00000000fffe0ff0 DR7: 0000000000000400
[23282.114905] Call Trace:
[23282.181525]  ? sf_stat+0x66/0x110 [vboxsf]
[23282.276444]  ? sf_inode_revalidate+0x8c/0xe0 [vboxsf]
[23282.365746]  ? __inode_permission+0x5b/0x160
[23282.455529]  ? __d_lookup+0x109/0x140
[23282.521019]  ? sf_dentry_revalidate+0x13/0x30 [vboxsf]
[23282.541543]  ? lookup_fast+0x281/0x320
[23282.580769]  ? path_init+0x177/0x2f0
[23282.596746]  ? path_openat+0x163/0x1770
[23282.625730]  ? do_filp_open+0x9b/0x110
[23282.638357]  ? __check_object_size+0xaf/0x1b0
[23282.723510]  ? __alloc_fd+0xb2/0x170
[23282.772346]  ? do_sys_open+0x1bb/0x2c0
[23282.820656]  ? do_sys_open+0x1bb/0x2c0
[23282.901734]  ? SyS_openat+0x14/0x20
[23282.953940]  ? do_syscall_64+0x73/0x130
[23282.968667]  ? entry_SYSCALL_64_after_hwframe+0x3d/0xa2
[23283.048174] Code:  Bad RIP value.
[23283.122491] RIP: 0x300000000 RSP: ffffb822c1de3a68
[23283.264649] CR2: 0000000300000000
[23283.292632] ---[ end trace d36ba358563f06dc ]---
[27474.304997] 07:37:28.976003 timesync vgsvcTimeSyncWorker: Radical host time change: 2 067 441 000 000ns (HostNow=1 542 331 698 874 000 000 ns HostLast=1 542 329 631 433 000 000 ns)
[27484.503616] 07:37:39.226012 timesync vgsvcTimeSyncWorker: Radical guest time change: 2 223 629 267 000ns (GuestNow=1 542 331 709 124 727 000 ns GuestLast=1 542 329 485 495 460 000 ns fSetTimeLastLoop=true )
[33817.856310] BUG: stack guard page was hit at 00000000bfdb1374 (stack is 00000000dbb57148..000000000c599b30)
[33817.999819] kernel stack overflow (page fault): 0000 [#3] SMP PTI
[33818.147579] Modules linked in: vboxsf isofs input_leds serio_raw video vboxguest sch_fq_codel ib_iser rdma_cm iw_cm ib_cm ib_core iscsi_tcp libiscsi_tcp libiscsi scsi_transport_iscsi ip_tables x_tables autofs4 btrfs zstd_compress raid10 raid456 async_raid6_recov async_memcpy async_pq async_xor async_tx xor raid6_pq libcrc32c raid1 raid0 multipath linear crct10dif_pclmul crc32_pclmul ghash_clmulni_intel pcbc aesni_intel mptspi scsi_transport_spi mptscsih aes_x86_64 mptbase crypto_simd glue_helper cryptd psmouse e1000
[33818.514639] CPU: 1 PID: 9348 Comm: node Tainted: G      D          4.15.0-39-generic #42-Ubuntu
[33818.537804] Hardware name: innotek GmbH VirtualBox/VirtualBox, BIOS VirtualBox 12/01/2006
[33818.554834] RIP: 0010:VbglR0HGCMInternalCall+0x63e/0xeb0 [vboxguest]
[33818.577252] RSP: 0018:ffffb822c0e33728 EFLAGS: 00010206
[33818.591117] RAX: ffffffffc058503b RBX: ffffb822c0e33a00 RCX: 0000000000000001
[33818.623558] RDX: 0000000000000000 RSI: 0000000000000202 RDI: 0000000000000202
[33818.670403] RBP: ffffb822c0e338b0 R08: 0000000000000000 R09: 00000000ffffff1c
[33818.704080] R10: 00000000ffffff1c R11: 00000000000003a5 R12: 00000000000005e0
[33818.726319] R13: 0000000000053310 R14: 000000000000005e R15: ffff88e4bc30041c
[33818.752108] FS:  00007f3914d34700(0000) GS:ffff88e4bfd00000(0000) knlGS:0000000000000000
[33818.777630] CS:  0010 DS: 0000 ES: 0000 CR0: 0000000080050033
[33818.789227] CR2: ffffb822c0e34008 CR3: 0000000036178000 CR4: 00000000000406e0
[33818.799345] DR0: 0000000000000000 DR1: 0000000000000000 DR2: 0000000000000000
[33818.820601] DR3: 0000000000000000 DR6: 00000000fffe0ff0 DR7: 0000000000000400
[33818.858719] Call Trace:
[33818.859496]  ? vgdrvHgcmAsyncWaitCallbackWorker+0x210/0x210 [vboxguest]
[33818.875399]  ? finish_task_switch+0x72/0x220
[33818.876463]  ? __schedule+0x299/0x8a0
[33818.896701]  ? vgdrvIoCtl_HGCMCallWrapper+0x1d3/0x2e0 [vboxguest]
[33818.918081]  vgdrvIoCtl_HGCMCallWrapper+0x1d3/0x2e0 [vboxguest]
[33818.945763]  VGDrvCommonIoCtl+0x3cd/0x1810 [vboxguest]
[33818.966792]  ? VbglR0IdcCallRaw+0x13/0x20 [vboxsf]
[33818.969951]  VBoxGuestIDC+0x149/0x160 [vboxguest]
[33818.993881]  ? VbglR0SfCreate+0xaf/0xd0 [vboxsf]
[33819.018053]  VbglR0IdcCallRaw+0x13/0x20 [vboxsf]
[33819.037319]  VbglR0HGCMCallRaw+0x44/0xa0 [vboxsf]
[33819.068000]  VbglR0HGCMCall+0x12/0x20 [vboxsf]
[33819.129640]  ? sf_stat+0x66/0x110 [vboxsf]
[33819.167175]  ? sf_inode_revalidate+0x8c/0xe0 [vboxsf]
[33819.213573]  ? lookup_fast+0x115/0x320
[33819.238852]  ? _cond_resched+0x19/0x40
[33819.276111]  ? __d_lookup+0x109/0x140
[33819.282434]  ? sf_dentry_revalidate+0x13/0x30 [vboxsf]
[33819.311569]  ? lookup_fast+0x281/0x320
[33819.312518]  ? __inode_permission+0x5b/0x160
[33819.320570]  ? walk_component+0x49/0x470
[33819.408561]  ? path_init+0x177/0x2f0
[33819.417417]  ? path_lookupat+0x84/0x1f0
[33819.459193]  ? __switch_to_asm+0x40/0x70
[33819.488172]  ? __switch_to_asm+0x34/0x70
[33819.558520]  ? __switch_to_asm+0x40/0x70
[33819.594426]  ? __switch_to_asm+0x34/0x70
[33819.657889]  ? __switch_to_asm+0x40/0x70
[33819.690719]  ? filename_lookup+0xb6/0x190
[33819.691728]  ? __check_object_size+0xaf/0x1b0
[33819.733502]  ? strncpy_from_user+0x4d/0x170
[33819.771896]  ? user_path_at_empty+0x36/0x40
[33819.830724]  ? user_path_at_empty+0x36/0x40
[33819.831777]  ? vfs_statx+0x76/0xe0
[33819.857349]  ? SYSC_newlstat+0x3d/0x70
[33819.882979]  ? SyS_newlstat+0xe/0x10
[33819.911543]  ? do_syscall_64+0x73/0x130
[33819.932355]  ? entry_SYSCALL_64_after_hwframe+0x3d/0xa2
[33819.943936] Code: 00 44 8d 78 ff 45 89 ea 45 31 e4 45 31 f6 45 31 c0 41 b9 1c ff ff ff 49 83 c7 01 49 c1 e7 04 4d 89 fd 49 89 cf 8b 8d c0 fe ff ff <42> 83 7c 23 28 0a 0f 87 01 02 00 00 42 8b 44 23 28 48 8b 04 c5 
[33820.003562] RIP: VbglR0HGCMInternalCall+0x63e/0xeb0 [vboxguest] RSP: ffffb822c0e33728
[33820.091865] ---[ end trace d36ba358563f06dd ]---
[[0;32m  OK  [0m] Stopped target Cloud-init target.
[[0;32m  OK  [0m] Stopped target Graphical Interface.
         Stoppi          Stopping LSB: automatic crash report generation...
[[0;32m  OK  [0[40821.037737] 11:20:01.235382 control  Guest control service stopped
m] Stopped Apply the settings sp[40821.116254] 11:20:01.315719 control  Guest control worker returned with rc=VINF_SUCCESS
ecified in cloud[40821.282150] 11:20:01.481691 main     Session 0 is about to close ...
-config.
[40821.474735] 11:20:01.674365 main     Stopping all guest processes ...
[[0;32m  OK  [0[40821.551747] 11:20:01.751375 main     Closing all guest files ...
m] Stopped target Cloud-config availability.
[40821.677483] 11:20:01.877227 main     Ended.
[[0;32m  OK  [0m] Unmounted /var/lib/lxcfs.
[[0;32m  OK  [0m] Stopped Accounts Service.
[[0;32m  OK  [0m] Stopped Snappy daemon.
[[0;32m  OK  [0m] Stopped Dispatcher daemon for systemd-networkd.
[[0;32m  OK  [0m] Stopped irqbalance daemon.
[[0;32m  OK  [0m] Stopped System Logging Service.
[[0;32m  OK  [0m] Stopped Regular background program processing daemon.
[[0;32m  OK  [0m] Stopped Deferred execution scheduler.
[[0;32m  OK  [0m] Stopped OpenBSD Secure Shell server.
[[0;32m  OK  [0m] Stopped Authorization Manager.
[[0;32m  OK  [0m] Stopped Serial Getty on ttyS0.
[[0;32m  OK  [0m] Stopped Getty on tty1.
[[0;32m  OK  [0m] Stopped User Manager for UID 1000.
[[0;32m  OK  [0m] Stopped Availability of block devices.
[[0;32m  OK  [0m] Stopped vboxadd-service.service.
[[0;32m  OK  [0m] Stopped Unattended Upgrades Shutdown.
[[0;32m  OK  [0m] Stopped D-Bus System Message Bus.
[[0;32m  OK  [0m] Stopped FUSE filesystem for LXC.
[[0;32m  OK  [0m] Stopped Session 19 of user vagrant.
[[0;32m  OK  [0m] Stopped Session 20 of user vagrant.
         Stopping vboxadd.service...
[[0;32m  OK  [0m] Removed slice User Slice of vagrant.
         Stopping Login Service...
[[0;32m  OK  [0m] Removed slice system-getty.slice.
[[0;32m  OK  [0m] Removed slice system-serial\x2dgetty.slice.
         Stopping Permit User Sessions...
[[0;32m  OK  [0m] Stopped Login Service.
[[0;32m  OK  [0m] Stopped LSB: Record successful boot for GRUB.
[[0;32m  OK  [0m] Stopped LXD - container startup/shutdown.
[[0;32m  OK  [0m] Stopped LSB: automatic crash report generation.
[[0;32m  OK  [0m] Stopped vboxadd.service.
[[0;32m  OK  [0m] Stopped Permit User Sessions.
[[0;32m  OK  [0m] Stopped target Remote File Systems.
[[0;32m  OK  [0m] Stopped target Remote File Systems (Pre).
         Stopping iSCSI initiator daemon (iscsid)...
[[0;32m  OK  [0m] Stopped target Basic System.
[[0;32m  OK  [0m] Stopped target Paths.
[[0;32m  OK  [0m] Stopped ACPI Events Check.
[[0;32m  OK  [0m] Stopped target Sockets.
[[0;32m  OK  [0m] Closed Syslog Socket.
[[0;32m  OK  [0m] Closed UUID daemon activation socket.
[[0;32m  OK  [0m] Closed Socket activation for snappy daemon.
[[0;32m  OK  [0m] Closed ACPID Listen Socket.
[[0;32m  OK  [0m] Closed LXD - unix socket.
[[0;32m  OK  [0m] Stopped target Slices.
[[0;32m  OK  [0m] Closed D-Bus System Message Bus Socket.
[[0;32m  OK  [0m] Removed slice User and Session Slice.
[[0;32m  OK  [0m] Stopped target User and Group Name Lookups.
[[0;32m  OK  [0m] Stopped target System Initialization.
         Stopping Load/Save Random Seed...
[[0;32m  OK  [0m] Stopped target Local Encrypted Volumes.
[[0;32m  OK  [0m] Stopped Dispatch Password Requests to Console Directory Watch.
[[0;32m  OK  [0m] Stopped Forward Password Requests to Wall Directory Watch.
         Stopping Update UTMP about System Boot/Shutdown...
[[0;32m  OK  [0m] Stopped iSCSI initiator daemon (iscsid).
[[0;32m  OK  [0m] Stopped Load/Save Random Seed.
[[0;32m  OK  [0m] Stopped target Network is Online.
[[0;32m  OK  [0m] Stopped Initial cloud-init job (metadata service crawler).
[[0;32m  OK  [0m] Stopped target Network.
         Stopping Network Name Resolution...
[[0;32m  OK  [0m] Stopped Network Name Resolution.
[[0;32m  OK  [0m] Stopped Update UTMP about System Boot/Shutdown.
[[0;32m  OK  [0m] Stopped Create Volatile Files and Directories.
[[0;32m  OK  [0m] Stopped target Local File Systems.
         Unmounting /run/user/1000...
         Unmounting /vagrant...
         Stopping Network Service...
[[0;32m  OK  [0m] Unmounted /run/user/1000.
[[0;32m  OK  [0m] Stopped Network Service.
[[0;1;31mFAILED[0m] Failed unmounting /vagrant.
[[0;32m  OK  [0m] Stopped target Network (Pre).
[[0;32m  OK  [0m] Stopped Initial cloud-init job (pre-networking).
[[0;32m  OK  [0m] Stopped Apply Kernel Variables.
[[0;32m  OK  [0m] Stopped Load Kernel Modules.
[[0;32m  OK  [0m] Reached target Unmount All Filesystems.
[[0;32m  OK  [0m] Stopped target Swap.
[[0;32m  OK  [0m] Stopped target Local File Systems (Pre).
         Stopping Monitoring of LVM2 mirrors…ng dmeventd or progress polling...
[[0;32m  OK  [0m] Stopped Create Static Device Nodes in /dev.
[[0;32m  OK  [0m] Stopped Remount Root and Kernel File Systems.
[[0;32m  OK  [0m] Reached target Shutdown.
[[0;32m  OK  [0m] Reached target Final Step.
         Starting Power-Off...
[[0;32m  OK  [0m] Stopped Monitoring of LVM2 mirrors,…sing dmeventd or progress polling.
         Stopping LVM2 metadata daemon...
[[0;32m  OK  [0m] Stopped LVM2 metadata daemon.
[40825.083706] systemd-shutdow: 27 output lines suppressed due to ratelimiting
[40826.516090] systemd-shutdown[1]: Syncing filesystems and block devices.
[40826.644435] systemd-shutdown[1]: Sending SIGTERM to remaining processes...
[40826.689223] systemd-journald[411]: Received SIGTERM from PID 1 (systemd-shutdow).
[40826.794124] systemd-shutdown[1]: Sending SIGKILL to remaining processes...
[40826.826718] systemd-shutdown[1]: Unmounting file systems.
[40826.839363] systemd-shutdown[1]: Failed to wait for process: Protocol error
[40826.872043] EXT4-fs (sda1): re-mounted. Opts: data=ordered
[40826.887721] systemd-shutdown[1]: Not all file systems unmounted, 1 left.
[40826.944066] systemd-shutdown[1]: Deactivating swaps.
[40826.994859] systemd-shutdown[1]: All swaps deactivated.
[40826.998765] systemd-shutdown[1]: Detaching loop devices.
[40827.044057] systemd-shutdown[1]: All loop devices detached.
[40827.888665] ACPI: Preparing to enter system sleep state S5
[40828.974936] reboot: Power down
[40829.023072] acpi_power_off called
